[debug] [2026-06-02T16:18:51.234Z] ----------------------------------------------------------------------
[debug] [2026-06-02T16:18:51.252Z] Command:       C:\Program Files\nodejs\node.exe C:\Users\hp\AppData\Roaming\npm\node_modules\firebase-tools\lib\bin\firebase.js projects:list
[debug] [2026-06-02T16:18:51.254Z] CLI Version:   14.12.0
[debug] [2026-06-02T16:18:51.254Z] Platform:      win32
[debug] [2026-06-02T16:18:51.254Z] Node Version:  v22.14.0
[debug] [2026-06-02T16:18:51.255Z] Time:          Tue Jun 02 2026 19:18:51 GMT+0300 (East Africa Time)
[debug] [2026-06-02T16:18:51.256Z] ----------------------------------------------------------------------
[debug] 
[debug] [2026-06-02T16:18:51.868Z] > command requires scopes: ["email","openid","https://www.googleapis.com/auth/cloudplatformprojects.readonly","https://www.googleapis.com/auth/firebase","https://www.googleapis.com/auth/cloud-platform"]
[debug] [2026-06-02T16:18:51.869Z] > authorizing via signed-in user (kedirahmed19963384@gmail.com)
[debug] [2026-06-02T16:18:51.881Z] Checked if tokens are valid: false, expires at: 1755685197632
[debug] [2026-06-02T16:18:51.881Z] Checked if tokens are valid: false, expires at: 1755685197632
[debug] [2026-06-02T16:18:51.882Z] > refreshing access token with scopes: []
[debug] [2026-06-02T16:18:51.888Z] >>> [apiv2][query] POST https://www.googleapis.com/oauth2/v3/token [none]
[debug] [2026-06-02T16:18:51.888Z] >>> [apiv2][body] POST https://www.googleapis.com/oauth2/v3/token [omitted]
[debug] [2026-06-02T16:18:52.853Z] <<< [apiv2][status] POST https://www.googleapis.com/oauth2/v3/token 400
[debug] [2026-06-02T16:18:52.854Z] <<< [apiv2][body] POST https://www.googleapis.com/oauth2/v3/token [omitted]
[debug] [2026-06-02T16:18:52.857Z] >>> [apiv2][query] GET https://firebase.googleapis.com/v1beta1/projects pageSize=1000
[debug] [2026-06-02T16:18:53.736Z] <<< [apiv2][status] GET https://firebase.googleapis.com/v1beta1/projects 401
[debug] [2026-06-02T16:18:53.737Z] <<< [apiv2][body] GET https://firebase.googleapis.com/v1beta1/projects [omitted]
[debug] [2026-06-02T16:18:53.737Z] Got a 401 Unauthenticated error for a call that required authentication. Refreshing tokens.
[debug] [2026-06-02T16:18:53.737Z] Checked if tokens are valid: false, expires at: 1755685197632
[debug] [2026-06-02T16:18:53.737Z] Checked if tokens are valid: false, expires at: 1755685197632
[debug] [2026-06-02T16:18:53.737Z] > refreshing access token with scopes: []
[debug] [2026-06-02T16:18:53.738Z] >>> [apiv2][query] POST https://www.googleapis.com/oauth2/v3/token [none]
[debug] [2026-06-02T16:18:53.739Z] >>> [apiv2][body] POST https://www.googleapis.com/oauth2/v3/token [omitted]
[debug] [2026-06-02T16:18:54.381Z] <<< [apiv2][status] POST https://www.googleapis.com/oauth2/v3/token 400
[debug] [2026-06-02T16:18:54.382Z] <<< [apiv2][body] POST https://www.googleapis.com/oauth2/v3/token [omitted]
[debug] [2026-06-02T16:18:54.385Z] Request to https://firebase.googleapis.com/v1beta1/projects?pageSize=1000 had HTTP Error: 401, Request had invalid authentication credentials. Expected OAuth 2 access token, login cookie or other valid authentication credential. See https://developers.google.com/identity/sign-in/web/devconsole-project.
[debug] [2026-06-02T16:18:55.008Z] FirebaseError: Request to https://firebase.googleapis.com/v1beta1/projects?pageSize=1000 had HTTP Error: 401, Request had invalid authentication credentials. Expected OAuth 2 access token, login cookie or other valid authentication credential. See https://developers.google.com/identity/sign-in/web/devconsole-project.
    at responseToError (C:\Users\hp\AppData\Roaming\npm\node_modules\firebase-tools\lib\responseToError.js:52:12)
    at RetryOperation._fn (C:\Users\hp\AppData\Roaming\npm\node_modules\firebase-tools\lib\apiv2.js:312:77)
    at process.processTicksAndRejections (node:internal/process/task_queues:105:5)
[error] 
[error] Error: Failed to list Firebase projects. See firebase-debug.log for more info.
